2024-11-13 15:26:12
[myApp] error:
MongooseError: The `uri` parameter to `openUri()` must be a string, got "undefined". Make sure the first parameter to `mongoose.connect()` or `mongoose.createConnection()` is a string.
    at NativeConnection.createClient (C:\Users\USER-PC\Documents\Personal Projects\i-see-memories-api\node_modules\mongoose\lib\drivers\node-mongodb-native\connection.js:225:11)
    at NativeConnection.openUri (C:\Users\USER-PC\Documents\Personal Projects\i-see-memories-api\node_modules\mongoose\lib\connection.js:835:34)
    at Mongoose.connect (C:\Users\USER-PC\Documents\Personal Projects\i-see-memories-api\node_modules\mongoose\lib\mongoose.js:447:15)
    at Object.<anonymous> (C:\Users\USER-PC\Documents\Personal Projects\i-see-memories-api\src\index.ts:26:10)
    at Module._compile (node:internal/modules/cjs/loader:1356:14)
    at Module.m._compile (C:\Users\USER-PC\Documents\Personal Projects\i-see-memories-api\node_modules\ts-node\src\index.ts:1618:23)
    at Module._extensions..js (node:internal/modules/cjs/loader:1414:10)
    at Object.require.extensions.<computed> [as .ts] (C:\Users\USER-PC\Documents\Personal Projects\i-see-memories-api\node_modules\ts-node\src\index.ts:1621:12)
    at Module.load (node:internal/modules/cjs/loader:1197:32)
    at Function.Module._load (node:internal/modules/cjs/loader:1013:12)

{"date":"Wed Nov 13 2024 15:26:12 GMT+0100 (West Africa Standard Time)","error":{},"label":"myApp","level":"error","message":"unhandledRejection: The `uri` parameter to `openUri()` must be a string, got \"undefined\". Make sure the first parameter to `mongoose.connect()` or `mongoose.createConnection()` is a string.\nMongooseError: The `uri` parameter to `openUri()` must be a string, got \"undefined\". Make sure the first parameter to `mongoose.connect()` or `mongoose.createConnection()` is a string.\n    at NativeConnection.createClient (C:\\Users\\USER-PC\\Documents\\Personal Projects\\i-see-memories-api\\node_modules\\mongoose\\lib\\drivers\\node-mongodb-native\\connection.js:225:11)\n    at NativeConnection.openUri (C:\\Users\\USER-PC\\Documents\\Personal Projects\\i-see-memories-api\\node_modules\\mongoose\\lib\\connection.js:835:34)\n    at Mongoose.connect (C:\\Users\\USER-PC\\Documents\\Personal Projects\\i-see-memories-api\\node_modules\\mongoose\\lib\\mongoose.js:447:15)\n    at Object.<anonymous> (C:\\Users\\USER-PC\\Documents\\Personal Projects\\i-see-memories-api\\src\\index.ts:26:10)\n    at Module._compile (node:internal/modules/cjs/loader:1356:14)\n    at Module.m._compile (C:\\Users\\USER-PC\\Documents\\Personal Projects\\i-see-memories-api\\node_modules\\ts-node\\src\\index.ts:1618:23)\n    at Module._extensions..js (node:internal/modules/cjs/loader:1414:10)\n    at Object.require.extensions.<computed> [as .ts] (C:\\Users\\USER-PC\\Documents\\Personal Projects\\i-see-memories-api\\node_modules\\ts-node\\src\\index.ts:1621:12)\n    at Module.load (node:internal/modules/cjs/loader:1197:32)\n    at Function.Module._load (node:internal/modules/cjs/loader:1013:12)","os":{"loadavg":[0,0,0],"uptime":1035485.14},"process":{"argv":["C:\\Users\\USER-PC\\Documents\\Personal Projects\\i-see-memories-api\\node_modules\\ts-node\\dist\\bin.js","C:\\Users\\USER-PC\\Documents\\Personal Projects\\i-see-memories-api\\src\\index.ts","/src/index.ts"],"cwd":"C:\\Users\\USER-PC\\Documents\\Personal Projects\\i-see-memories-api","execPath":"C:\\Program Files\\nodejs\\node.exe","gid":null,"memoryUsage":{"arrayBuffers":23380147,"external":25347683,"heapTotal":189038592,"heapUsed":162656808,"rss":235753472},"pid":9996,"uid":null,"version":"v18.19.1"},"rejection":true,"stack":"MongooseError: The `uri` parameter to `openUri()` must be a string, got \"undefined\". Make sure the first parameter to `mongoose.connect()` or `mongoose.createConnection()` is a string.\n    at NativeConnection.createClient (C:\\Users\\USER-PC\\Documents\\Personal Projects\\i-see-memories-api\\node_modules\\mongoose\\lib\\drivers\\node-mongodb-native\\connection.js:225:11)\n    at NativeConnection.openUri (C:\\Users\\USER-PC\\Documents\\Personal Projects\\i-see-memories-api\\node_modules\\mongoose\\lib\\connection.js:835:34)\n    at Mongoose.connect (C:\\Users\\USER-PC\\Documents\\Personal Projects\\i-see-memories-api\\node_modules\\mongoose\\lib\\mongoose.js:447:15)\n    at Object.<anonymous> (C:\\Users\\USER-PC\\Documents\\Personal Projects\\i-see-memories-api\\src\\index.ts:26:10)\n    at Module._compile (node:internal/modules/cjs/loader:1356:14)\n    at Module.m._compile (C:\\Users\\USER-PC\\Documents\\Personal Projects\\i-see-memories-api\\node_modules\\ts-node\\src\\index.ts:1618:23)\n    at Module._extensions..js (node:internal/modules/cjs/loader:1414:10)\n    at Object.require.extensions.<computed> [as .ts] (C:\\Users\\USER-PC\\Documents\\Personal Projects\\i-see-memories-api\\node_modules\\ts-node\\src\\index.ts:1621:12)\n    at Module.load (node:internal/modules/cjs/loader:1197:32)\n    at Function.Module._load (node:internal/modules/cjs/loader:1013:12)","timestamp":"2024-11-13T14:26:12.506Z","trace":[{"column":11,"file":"C:\\Users\\USER-PC\\Documents\\Personal Projects\\i-see-memories-api\\node_modules\\mongoose\\lib\\drivers\\node-mongodb-native\\connection.js","function":"NativeConnection.createClient","line":225,"method":"createClient","native":false},{"column":34,"file":"C:\\Users\\USER-PC\\Documents\\Personal Projects\\i-see-memories-api\\node_modules\\mongoose\\lib\\connection.js","function":"NativeConnection.openUri","line":835,"method":"openUri","native":false},{"column":15,"file":"C:\\Users\\USER-PC\\Documents\\Personal Projects\\i-see-memories-api\\node_modules\\mongoose\\lib\\mongoose.js","function":"Mongoose.connect","line":447,"method":"connect","native":false},{"column":10,"file":"C:\\Users\\USER-PC\\Documents\\Personal Projects\\i-see-memories-api\\src\\index.ts","function":null,"line":26,"method":null,"native":false},{"column":14,"file":"node:internal/modules/cjs/loader","function":"Module._compile","line":1356,"method":"_compile","native":false},{"column":23,"file":"C:\\Users\\USER-PC\\Documents\\Personal Projects\\i-see-memories-api\\node_modules\\ts-node\\src\\index.ts","function":"Module.m._compile","line":1618,"method":"_compile","native":false},{"column":10,"file":"node:internal/modules/cjs/loader","function":"Module._extensions..js","line":1414,"method":".js","native":false},{"column":12,"file":"C:\\Users\\USER-PC\\Documents\\Personal Projects\\i-see-memories-api\\node_modules\\ts-node\\src\\index.ts","function":"Object.require.extensions.<computed> [as .ts]","line":1621,"method":"ts]","native":false},{"column":32,"file":"node:internal/modules/cjs/loader","function":"Module.load","line":1197,"method":"load","native":false},{"column":12,"file":"node:internal/modules/cjs/loader","function":"Module._load","line":1013,"method":"_load","native":false}]}
2024-11-13 15:29:38
[myApp] error:
MongooseServerSelectionError: connect ECONNREFUSED ::1:27017, connect ECONNREFUSED 127.0.0.1:27017
    at _handleConnectionErrors (C:\Users\USER-PC\Documents\Personal Projects\i-see-memories-api\node_modules\mongoose\lib\connection.js:909:11)
    at NativeConnection.openUri (C:\Users\USER-PC\Documents\Personal Projects\i-see-memories-api\node_modules\mongoose\lib\connection.js:860:11)

{"date":"Wed Nov 13 2024 15:29:38 GMT+0100 (West Africa Standard Time)","error":{"message":"connect ECONNREFUSED ::1:27017, connect ECONNREFUSED 127.0.0.1:27017","reason":{"commonWireVersion":0,"compatible":true,"heartbeatFrequencyMS":10000,"localThresholdMS":15,"logicalSessionTimeoutMinutes":null,"maxElectionId":null,"maxSetVersion":null,"servers":{"localhost:27017":{"$clusterTime":null,"address":"localhost:27017","arbiters":[],"electionId":null,"error":{},"hosts":[],"lastUpdateTime":1035896320,"lastWriteDate":0,"logicalSessionTimeoutMinutes":null,"maxBsonObjectSize":null,"maxMessageSizeBytes":null,"maxWireVersion":0,"maxWriteBatchSize":null,"me":null,"minRoundTripTime":0,"minWireVersion":0,"passives":[],"primary":null,"roundTripTime":-1,"setName":null,"setVersion":null,"tags":{},"topologyVersion":null,"type":"Unknown"}},"setName":null,"stale":false,"type":"Unknown"}},"label":"myApp","level":"error","message":"unhandledRejection: connect ECONNREFUSED ::1:27017, connect ECONNREFUSED 127.0.0.1:27017\nMongooseServerSelectionError: connect ECONNREFUSED ::1:27017, connect ECONNREFUSED 127.0.0.1:27017\n    at _handleConnectionErrors (C:\\Users\\USER-PC\\Documents\\Personal Projects\\i-see-memories-api\\node_modules\\mongoose\\lib\\connection.js:909:11)\n    at NativeConnection.openUri (C:\\Users\\USER-PC\\Documents\\Personal Projects\\i-see-memories-api\\node_modules\\mongoose\\lib\\connection.js:860:11)","os":{"loadavg":[0,0,0],"uptime":1035691.578},"process":{"argv":["C:\\Users\\USER-PC\\Documents\\Personal Projects\\i-see-memories-api\\node_modules\\ts-node\\dist\\bin.js","C:\\Users\\USER-PC\\Documents\\Personal Projects\\i-see-memories-api\\src\\index.ts","/src/index.ts"],"cwd":"C:\\Users\\USER-PC\\Documents\\Personal Projects\\i-see-memories-api","execPath":"C:\\Program Files\\nodejs\\node.exe","gid":null,"memoryUsage":{"arrayBuffers":23398593,"external":25365966,"heapTotal":189640704,"heapUsed":159390072,"rss":235233280},"pid":26028,"uid":null,"version":"v18.19.1"},"rejection":true,"stack":"MongooseServerSelectionError: connect ECONNREFUSED ::1:27017, connect ECONNREFUSED 127.0.0.1:27017\n    at _handleConnectionErrors (C:\\Users\\USER-PC\\Documents\\Personal Projects\\i-see-memories-api\\node_modules\\mongoose\\lib\\connection.js:909:11)\n    at NativeConnection.openUri (C:\\Users\\USER-PC\\Documents\\Personal Projects\\i-see-memories-api\\node_modules\\mongoose\\lib\\connection.js:860:11)","timestamp":"2024-11-13T14:29:38.939Z","trace":[{"column":11,"file":"C:\\Users\\USER-PC\\Documents\\Personal Projects\\i-see-memories-api\\node_modules\\mongoose\\lib\\connection.js","function":"_handleConnectionErrors","line":909,"method":null,"native":false},{"column":11,"file":"C:\\Users\\USER-PC\\Documents\\Personal Projects\\i-see-memories-api\\node_modules\\mongoose\\lib\\connection.js","function":"NativeConnection.openUri","line":860,"method":"openUri","native":false}]}
2024-11-13 16:45:01
[myApp] error:
Resource not found

2024-11-13 16:45:17
[myApp] error:
Resource not found

2024-11-17 01:05:46
[i_see_memories] error:
Resource not found

2024-11-17 01:10:06
[i_see_memories] error:
Resource not found

2024-11-17 01:11:47
[i_see_memories] error:
Resource not found

2024-11-17 01:11:51
[i_see_memories] error:
Resource not found

2024-11-17 01:18:24
[i_see_memories] error:
Resource not found

2024-11-17 01:25:26
[i_see_memories] error:
ValidationError: User validation failed: authentication.password: Path `authentication.password` is required., username: Path `username` is required.
    at model.Document.invalidate (C:\Users\USER-PC\Documents\Personal Projects\i-see-memories-api\node_modules\mongoose\lib\document.js:3318:32)
    at C:\Users\USER-PC\Documents\Personal Projects\i-see-memories-api\node_modules\mongoose\lib\document.js:3079:17
    at C:\Users\USER-PC\Documents\Personal Projects\i-see-memories-api\node_modules\mongoose\lib\schemaType.js:1388:9
    at processTicksAndRejections (node:internal/process/task_queues:77:11)

{"date":"Sun Nov 17 2024 01:25:26 GMT+0100 (West Africa Standard Time)","error":{"_message":"User validation failed","errors":{"authentication.password":{"kind":"required","message":"Path `authentication.password` is required.","name":"ValidatorError","path":"authentication.password","properties":{"message":"Path `authentication.password` is required.","path":"authentication.password","type":"required"}},"username":{"kind":"required","message":"Path `username` is required.","name":"ValidatorError","path":"username","properties":{"message":"Path `username` is required.","path":"username","type":"required"}}},"message":"User validation failed: authentication.password: Path `authentication.password` is required., username: Path `username` is required.","name":"ValidationError"},"label":"i_see_memories","level":"error","message":"unhandledRejection: User validation failed: authentication.password: Path `authentication.password` is required., username: Path `username` is required.\nValidationError: User validation failed: authentication.password: Path `authentication.password` is required., username: Path `username` is required.\n    at model.Document.invalidate (C:\\Users\\USER-PC\\Documents\\Personal Projects\\i-see-memories-api\\node_modules\\mongoose\\lib\\document.js:3318:32)\n    at C:\\Users\\USER-PC\\Documents\\Personal Projects\\i-see-memories-api\\node_modules\\mongoose\\lib\\document.js:3079:17\n    at C:\\Users\\USER-PC\\Documents\\Personal Projects\\i-see-memories-api\\node_modules\\mongoose\\lib\\schemaType.js:1388:9\n    at processTicksAndRejections (node:internal/process/task_queues:77:11)","os":{"loadavg":[0,0,0],"uptime":1330543.921},"process":{"argv":["C:\\Users\\USER-PC\\Documents\\Personal Projects\\i-see-memories-api\\node_modules\\ts-node\\dist\\bin.js","C:\\Users\\USER-PC\\Documents\\Personal Projects\\i-see-memories-api\\src\\index.ts","/src/index.ts"],"cwd":"C:\\Users\\USER-PC\\Documents\\Personal Projects\\i-see-memories-api","execPath":"C:\\Program Files\\nodejs\\node.exe","gid":null,"memoryUsage":{"arrayBuffers":23190301,"external":25155058,"heapTotal":285487104,"heapUsed":236562464,"rss":342306816},"pid":17820,"uid":null,"version":"v18.19.1"},"rejection":true,"stack":"ValidationError: User validation failed: authentication.password: Path `authentication.password` is required., username: Path `username` is required.\n    at model.Document.invalidate (C:\\Users\\USER-PC\\Documents\\Personal Projects\\i-see-memories-api\\node_modules\\mongoose\\lib\\document.js:3318:32)\n    at C:\\Users\\USER-PC\\Documents\\Personal Projects\\i-see-memories-api\\node_modules\\mongoose\\lib\\document.js:3079:17\n    at C:\\Users\\USER-PC\\Documents\\Personal Projects\\i-see-memories-api\\node_modules\\mongoose\\lib\\schemaType.js:1388:9\n    at processTicksAndRejections (node:internal/process/task_queues:77:11)","timestamp":"2024-11-17T00:25:26.584Z","trace":[{"column":32,"file":"C:\\Users\\USER-PC\\Documents\\Personal Projects\\i-see-memories-api\\node_modules\\mongoose\\lib\\document.js","function":"model.Document.invalidate","line":3318,"method":"invalidate","native":false},{"column":17,"file":"C:\\Users\\USER-PC\\Documents\\Personal Projects\\i-see-memories-api\\node_modules\\mongoose\\lib\\document.js","function":null,"line":3079,"method":null,"native":false},{"column":9,"file":"C:\\Users\\USER-PC\\Documents\\Personal Projects\\i-see-memories-api\\node_modules\\mongoose\\lib\\schemaType.js","function":null,"line":1388,"method":null,"native":false},{"column":11,"file":"node:internal/process/task_queues","function":"processTicksAndRejections","line":77,"method":null,"native":false}]}
2024-11-17 02:40:26
[i_see_memories] error:
MongoServerError: E11000 duplicate key error collection: i_see_memories.users index: email_1 dup key: { email: "654er@gmail.com" }
    at InsertOneOperation.execute (C:\Users\USER-PC\Documents\Personal Projects\i-see-memories-api\node_modules\mongodb\src\operations\insert.ts:82:13)
    at processTicksAndRejections (node:internal/process/task_queues:95:5)
    at async tryOperation (C:\Users\USER-PC\Documents\Personal Projects\i-see-memories-api\node_modules\mongodb\src\operations\execute_operation.ts:271:14)
    at async executeOperation (C:\Users\USER-PC\Documents\Personal Projects\i-see-memories-api\node_modules\mongodb\src\operations\execute_operation.ts:109:12)
    at async Collection.insertOne (C:\Users\USER-PC\Documents\Personal Projects\i-see-memories-api\node_modules\mongodb\src\collection.ts:277:12)

{"date":"Sun Nov 17 2024 02:40:26 GMT+0100 (West Africa Standard Time)","error":{"code":11000,"errorResponse":{"code":11000,"errmsg":"E11000 duplicate key error collection: i_see_memories.users index: email_1 dup key: { email: \"654er@gmail.com\" }","index":0,"keyPattern":{"email":1},"keyValue":{"email":"654er@gmail.com"}},"index":0,"keyPattern":{"email":1},"keyValue":{"email":"654er@gmail.com"}},"label":"i_see_memories","level":"error","message":"unhandledRejection: E11000 duplicate key error collection: i_see_memories.users index: email_1 dup key: { email: \"654er@gmail.com\" }\nMongoServerError: E11000 duplicate key error collection: i_see_memories.users index: email_1 dup key: { email: \"654er@gmail.com\" }\n    at InsertOneOperation.execute (C:\\Users\\USER-PC\\Documents\\Personal Projects\\i-see-memories-api\\node_modules\\mongodb\\src\\operations\\insert.ts:82:13)\n    at processTicksAndRejections (node:internal/process/task_queues:95:5)\n    at async tryOperation (C:\\Users\\USER-PC\\Documents\\Personal Projects\\i-see-memories-api\\node_modules\\mongodb\\src\\operations\\execute_operation.ts:271:14)\n    at async executeOperation (C:\\Users\\USER-PC\\Documents\\Personal Projects\\i-see-memories-api\\node_modules\\mongodb\\src\\operations\\execute_operation.ts:109:12)\n    at async Collection.insertOne (C:\\Users\\USER-PC\\Documents\\Personal Projects\\i-see-memories-api\\node_modules\\mongodb\\src\\collection.ts:277:12)","os":{"loadavg":[0,0,0],"uptime":1335044.015},"process":{"argv":["C:\\Users\\USER-PC\\Documents\\Personal Projects\\i-see-memories-api\\node_modules\\ts-node\\dist\\bin.js","C:\\Users\\USER-PC\\Documents\\Personal Projects\\i-see-memories-api\\src\\index.ts","/src/index.ts"],"cwd":"C:\\Users\\USER-PC\\Documents\\Personal Projects\\i-see-memories-api","execPath":"C:\\Program Files\\nodejs\\node.exe","gid":null,"memoryUsage":{"arrayBuffers":23047678,"external":25012435,"heapTotal":282697728,"heapUsed":237669776,"rss":340164608},"pid":24416,"uid":null,"version":"v18.19.1"},"rejection":true,"stack":"MongoServerError: E11000 duplicate key error collection: i_see_memories.users index: email_1 dup key: { email: \"654er@gmail.com\" }\n    at InsertOneOperation.execute (C:\\Users\\USER-PC\\Documents\\Personal Projects\\i-see-memories-api\\node_modules\\mongodb\\src\\operations\\insert.ts:82:13)\n    at processTicksAndRejections (node:internal/process/task_queues:95:5)\n    at async tryOperation (C:\\Users\\USER-PC\\Documents\\Personal Projects\\i-see-memories-api\\node_modules\\mongodb\\src\\operations\\execute_operation.ts:271:14)\n    at async executeOperation (C:\\Users\\USER-PC\\Documents\\Personal Projects\\i-see-memories-api\\node_modules\\mongodb\\src\\operations\\execute_operation.ts:109:12)\n    at async Collection.insertOne (C:\\Users\\USER-PC\\Documents\\Personal Projects\\i-see-memories-api\\node_modules\\mongodb\\src\\collection.ts:277:12)","timestamp":"2024-11-17T01:40:26.684Z","trace":[{"column":13,"file":"C:\\Users\\USER-PC\\Documents\\Personal Projects\\i-see-memories-api\\node_modules\\mongodb\\src\\operations\\insert.ts","function":"InsertOneOperation.execute","line":82,"method":"execute","native":false},{"column":5,"file":"node:internal/process/task_queues","function":"processTicksAndRejections","line":95,"method":null,"native":false},{"column":14,"file":"C:\\Users\\USER-PC\\Documents\\Personal Projects\\i-see-memories-api\\node_modules\\mongodb\\src\\operations\\execute_operation.ts","function":"async tryOperation","line":271,"method":null,"native":false},{"column":12,"file":"C:\\Users\\USER-PC\\Documents\\Personal Projects\\i-see-memories-api\\node_modules\\mongodb\\src\\operations\\execute_operation.ts","function":"async executeOperation","line":109,"method":null,"native":false},{"column":12,"file":"C:\\Users\\USER-PC\\Documents\\Personal Projects\\i-see-memories-api\\node_modules\\mongodb\\src\\collection.ts","function":"async Collection.insertOne","line":277,"method":"insertOne","native":false}]}
2024-11-17 02:44:20
[i_see_memories] error:
E11000 duplicate key error collection: i_see_memories.users index: email_1 dup key: { email: "654er@gmail.com" }

2024-11-17 02:51:40
[i_see_memories] error:
E11000 duplicate key error collection: i_see_memories.users index: email_1 dup key: { email: "654er@gmail.com" }

2024-11-17 02:56:03
[i_see_memories] error:
E11000 duplicate key error collection: i_see_memories.users index: email_1 dup key: { email: "654er@gmail.com" }

2024-11-17 03:02:03
[i_see_memories] error:
E11000 duplicate key error collection: i_see_memories.users index: email_1 dup key: { email: "654er@gmail.com" }

2024-11-17 03:03:31
[i_see_memories] error:
E11000 duplicate key error collection: i_see_memories.users index: email_1 dup key: { email: "654er@gmail.com" }

2024-11-17 03:16:29
[i_see_memories] error:
data and hash must be strings

2024-11-17 03:30:19
[i_see_memories] error:
users_service_1.default.getUsersByEmail(...).select is not a function

2024-11-17 03:31:42
[i_see_memories] error:
Invalid Email or Password

2024-11-17 04:04:41
[i_see_memories] error:
MongoNetworkError: failed to connect to server [localhost:27017] on first connect [Error: connect ECONNREFUSED ::1:27017
    at TCPConnectWrap.afterConnect [as oncomplete] (node:net:1555:16) {
  name: 'MongoNetworkError'
}]
    at Pool.<anonymous> (C:\Users\USER-PC\Documents\Personal Projects\i-see-memories-api\node_modules\mongodb\lib\core\topologies\server.js:441:11)
    at Pool.emit (node:events:517:28)
    at Pool.emit (node:domain:489:12)
    at C:\Users\USER-PC\Documents\Personal Projects\i-see-memories-api\node_modules\mongodb\lib\core\connection\pool.js:564:14
    at C:\Users\USER-PC\Documents\Personal Projects\i-see-memories-api\node_modules\mongodb\lib\core\connection\pool.js:1000:11
    at C:\Users\USER-PC\Documents\Personal Projects\i-see-memories-api\node_modules\mongodb\lib\core\connection\connect.js:32:7
    at callback (C:\Users\USER-PC\Documents\Personal Projects\i-see-memories-api\node_modules\mongodb\lib\core\connection\connect.js:300:5)
    at Socket.<anonymous> (C:\Users\USER-PC\Documents\Personal Projects\i-see-memories-api\node_modules\mongodb\lib\core\connection\connect.js:330:7)
    at Object.onceWrapper (node:events:632:26)
    at Socket.emit (node:events:517:28)
    at Socket.emit (node:domain:489:12)
    at emitErrorNT (node:internal/streams/destroy:151:8)
    at emitErrorCloseNT (node:internal/streams/destroy:116:3)
    at processTicksAndRejections (node:internal/process/task_queues:82:21)

{"date":"Sun Nov 17 2024 04:04:41 GMT+0100 (West Africa Standard Time)","error":{"name":"MongoNetworkError"},"label":"i_see_memories","level":"error","message":"unhandledRejection: failed to connect to server [localhost:27017] on first connect [Error: connect ECONNREFUSED ::1:27017\n    at TCPConnectWrap.afterConnect [as oncomplete] (node:net:1555:16) {\n  name: 'MongoNetworkError'\n}]\nMongoNetworkError: failed to connect to server [localhost:27017] on first connect [Error: connect ECONNREFUSED ::1:27017\n    at TCPConnectWrap.afterConnect [as oncomplete] (node:net:1555:16) {\n  name: 'MongoNetworkError'\n}]\n    at Pool.<anonymous> (C:\\Users\\USER-PC\\Documents\\Personal Projects\\i-see-memories-api\\node_modules\\mongodb\\lib\\core\\topologies\\server.js:441:11)\n    at Pool.emit (node:events:517:28)\n    at Pool.emit (node:domain:489:12)\n    at C:\\Users\\USER-PC\\Documents\\Personal Projects\\i-see-memories-api\\node_modules\\mongodb\\lib\\core\\connection\\pool.js:564:14\n    at C:\\Users\\USER-PC\\Documents\\Personal Projects\\i-see-memories-api\\node_modules\\mongodb\\lib\\core\\connection\\pool.js:1000:11\n    at C:\\Users\\USER-PC\\Documents\\Personal Projects\\i-see-memories-api\\node_modules\\mongodb\\lib\\core\\connection\\connect.js:32:7\n    at callback (C:\\Users\\USER-PC\\Documents\\Personal Projects\\i-see-memories-api\\node_modules\\mongodb\\lib\\core\\connection\\connect.js:300:5)\n    at Socket.<anonymous> (C:\\Users\\USER-PC\\Documents\\Personal Projects\\i-see-memories-api\\node_modules\\mongodb\\lib\\core\\connection\\connect.js:330:7)\n    at Object.onceWrapper (node:events:632:26)\n    at Socket.emit (node:events:517:28)\n    at Socket.emit (node:domain:489:12)\n    at emitErrorNT (node:internal/streams/destroy:151:8)\n    at emitErrorCloseNT (node:internal/streams/destroy:116:3)\n    at processTicksAndRejections (node:internal/process/task_queues:82:21)","os":{"loadavg":[0,0,0],"uptime":1340099.281},"process":{"argv":["C:\\Users\\USER-PC\\Documents\\Personal Projects\\i-see-memories-api\\node_modules\\ts-node\\dist\\bin.js","C:\\Users\\USER-PC\\Documents\\Personal Projects\\i-see-memories-api\\src\\index.ts","/src/index.ts"],"cwd":"C:\\Users\\USER-PC\\Documents\\Personal Projects\\i-see-memories-api","execPath":"C:\\Program Files\\nodejs\\node.exe","gid":null,"memoryUsage":{"arrayBuffers":21998740,"external":23956834,"heapTotal":254328832,"heapUsed":218206480,"rss":309886976},"pid":23444,"uid":null,"version":"v18.19.1"},"rejection":true,"stack":"MongoNetworkError: failed to connect to server [localhost:27017] on first connect [Error: connect ECONNREFUSED ::1:27017\n    at TCPConnectWrap.afterConnect [as oncomplete] (node:net:1555:16) {\n  name: 'MongoNetworkError'\n}]\n    at Pool.<anonymous> (C:\\Users\\USER-PC\\Documents\\Personal Projects\\i-see-memories-api\\node_modules\\mongodb\\lib\\core\\topologies\\server.js:441:11)\n    at Pool.emit (node:events:517:28)\n    at Pool.emit (node:domain:489:12)\n    at C:\\Users\\USER-PC\\Documents\\Personal Projects\\i-see-memories-api\\node_modules\\mongodb\\lib\\core\\connection\\pool.js:564:14\n    at C:\\Users\\USER-PC\\Documents\\Personal Projects\\i-see-memories-api\\node_modules\\mongodb\\lib\\core\\connection\\pool.js:1000:11\n    at C:\\Users\\USER-PC\\Documents\\Personal Projects\\i-see-memories-api\\node_modules\\mongodb\\lib\\core\\connection\\connect.js:32:7\n    at callback (C:\\Users\\USER-PC\\Documents\\Personal Projects\\i-see-memories-api\\node_modules\\mongodb\\lib\\core\\connection\\connect.js:300:5)\n    at Socket.<anonymous> (C:\\Users\\USER-PC\\Documents\\Personal Projects\\i-see-memories-api\\node_modules\\mongodb\\lib\\core\\connection\\connect.js:330:7)\n    at Object.onceWrapper (node:events:632:26)\n    at Socket.emit (node:events:517:28)\n    at Socket.emit (node:domain:489:12)\n    at emitErrorNT (node:internal/streams/destroy:151:8)\n    at emitErrorCloseNT (node:internal/streams/destroy:116:3)\n    at processTicksAndRejections (node:internal/process/task_queues:82:21)","timestamp":"2024-11-17T03:04:41.948Z","trace":[{"column":16,"file":"node:net","function":"TCPConnectWrap.afterConnect [as oncomplete]","line":1555,"method":"afterConnect [as oncomplete]","native":false},{"column":11,"file":"C:\\Users\\USER-PC\\Documents\\Personal Projects\\i-see-memories-api\\node_modules\\mongodb\\lib\\core\\topologies\\server.js","function":null,"line":441,"method":null,"native":false},{"column":28,"file":"node:events","function":"Pool.emit","line":517,"method":"emit","native":false},{"column":12,"file":"node:domain","function":"Pool.emit","line":489,"method":"emit","native":false},{"column":14,"file":"C:\\Users\\USER-PC\\Documents\\Personal Projects\\i-see-memories-api\\node_modules\\mongodb\\lib\\core\\connection\\pool.js","function":null,"line":564,"method":null,"native":false},{"column":11,"file":"C:\\Users\\USER-PC\\Documents\\Personal Projects\\i-see-memories-api\\node_modules\\mongodb\\lib\\core\\connection\\pool.js","function":null,"line":1000,"method":null,"native":false},{"column":7,"file":"C:\\Users\\USER-PC\\Documents\\Personal Projects\\i-see-memories-api\\node_modules\\mongodb\\lib\\core\\connection\\connect.js","function":null,"line":32,"method":null,"native":false},{"column":5,"file":"C:\\Users\\USER-PC\\Documents\\Personal Projects\\i-see-memories-api\\node_modules\\mongodb\\lib\\core\\connection\\connect.js","function":"callback","line":300,"method":null,"native":false},{"column":7,"file":"C:\\Users\\USER-PC\\Documents\\Personal Projects\\i-see-memories-api\\node_modules\\mongodb\\lib\\core\\connection\\connect.js","function":null,"line":330,"method":null,"native":false},{"column":26,"file":"node:events","function":"Object.onceWrapper","line":632,"method":"onceWrapper","native":false},{"column":28,"file":"node:events","function":"Socket.emit","line":517,"method":"emit","native":false},{"column":12,"file":"node:domain","function":"Socket.emit","line":489,"method":"emit","native":false},{"column":8,"file":"node:internal/streams/destroy","function":"emitErrorNT","line":151,"method":null,"native":false},{"column":3,"file":"node:internal/streams/destroy","function":"emitErrorCloseNT","line":116,"method":null,"native":false},{"column":21,"file":"node:internal/process/task_queues","function":"processTicksAndRejections","line":82,"method":null,"native":false}]}
2024-11-17 04:05:43
[i_see_memories] error:
MongoNetworkError: failed to connect to server [localhost:27017] on first connect [Error: connect ECONNREFUSED ::1:27017
    at TCPConnectWrap.afterConnect [as oncomplete] (node:net:1555:16) {
  name: 'MongoNetworkError'
}]
    at Pool.<anonymous> (C:\Users\USER-PC\Documents\Personal Projects\i-see-memories-api\node_modules\mongodb\lib\core\topologies\server.js:441:11)
    at Pool.emit (node:events:517:28)
    at Pool.emit (node:domain:489:12)
    at C:\Users\USER-PC\Documents\Personal Projects\i-see-memories-api\node_modules\mongodb\lib\core\connection\pool.js:564:14
    at C:\Users\USER-PC\Documents\Personal Projects\i-see-memories-api\node_modules\mongodb\lib\core\connection\pool.js:1000:11
    at C:\Users\USER-PC\Documents\Personal Projects\i-see-memories-api\node_modules\mongodb\lib\core\connection\connect.js:32:7
    at callback (C:\Users\USER-PC\Documents\Personal Projects\i-see-memories-api\node_modules\mongodb\lib\core\connection\connect.js:300:5)
    at Socket.<anonymous> (C:\Users\USER-PC\Documents\Personal Projects\i-see-memories-api\node_modules\mongodb\lib\core\connection\connect.js:330:7)
    at Object.onceWrapper (node:events:632:26)
    at Socket.emit (node:events:517:28)
    at Socket.emit (node:domain:489:12)
    at emitErrorNT (node:internal/streams/destroy:151:8)
    at emitErrorCloseNT (node:internal/streams/destroy:116:3)
    at processTicksAndRejections (node:internal/process/task_queues:82:21)

{"date":"Sun Nov 17 2024 04:05:43 GMT+0100 (West Africa Standard Time)","error":{"name":"MongoNetworkError"},"label":"i_see_memories","level":"error","message":"unhandledRejection: failed to connect to server [localhost:27017] on first connect [Error: connect ECONNREFUSED ::1:27017\n    at TCPConnectWrap.afterConnect [as oncomplete] (node:net:1555:16) {\n  name: 'MongoNetworkError'\n}]\nMongoNetworkError: failed to connect to server [localhost:27017] on first connect [Error: connect ECONNREFUSED ::1:27017\n    at TCPConnectWrap.afterConnect [as oncomplete] (node:net:1555:16) {\n  name: 'MongoNetworkError'\n}]\n    at Pool.<anonymous> (C:\\Users\\USER-PC\\Documents\\Personal Projects\\i-see-memories-api\\node_modules\\mongodb\\lib\\core\\topologies\\server.js:441:11)\n    at Pool.emit (node:events:517:28)\n    at Pool.emit (node:domain:489:12)\n    at C:\\Users\\USER-PC\\Documents\\Personal Projects\\i-see-memories-api\\node_modules\\mongodb\\lib\\core\\connection\\pool.js:564:14\n    at C:\\Users\\USER-PC\\Documents\\Personal Projects\\i-see-memories-api\\node_modules\\mongodb\\lib\\core\\connection\\pool.js:1000:11\n    at C:\\Users\\USER-PC\\Documents\\Personal Projects\\i-see-memories-api\\node_modules\\mongodb\\lib\\core\\connection\\connect.js:32:7\n    at callback (C:\\Users\\USER-PC\\Documents\\Personal Projects\\i-see-memories-api\\node_modules\\mongodb\\lib\\core\\connection\\connect.js:300:5)\n    at Socket.<anonymous> (C:\\Users\\USER-PC\\Documents\\Personal Projects\\i-see-memories-api\\node_modules\\mongodb\\lib\\core\\connection\\connect.js:330:7)\n    at Object.onceWrapper (node:events:632:26)\n    at Socket.emit (node:events:517:28)\n    at Socket.emit (node:domain:489:12)\n    at emitErrorNT (node:internal/streams/destroy:151:8)\n    at emitErrorCloseNT (node:internal/streams/destroy:116:3)\n    at processTicksAndRejections (node:internal/process/task_queues:82:21)","os":{"loadavg":[0,0,0],"uptime":1340160.734},"process":{"argv":["C:\\Users\\USER-PC\\Documents\\Personal Projects\\i-see-memories-api\\node_modules\\ts-node\\dist\\bin.js","C:\\Users\\USER-PC\\Documents\\Personal Projects\\i-see-memories-api\\src\\index.ts","/src/index.ts"],"cwd":"C:\\Users\\USER-PC\\Documents\\Personal Projects\\i-see-memories-api","execPath":"C:\\Program Files\\nodejs\\node.exe","gid":null,"memoryUsage":{"arrayBuffers":21932846,"external":23890940,"heapTotal":258523136,"heapUsed":220243144,"rss":314703872},"pid":1852,"uid":null,"version":"v18.19.1"},"rejection":true,"stack":"MongoNetworkError: failed to connect to server [localhost:27017] on first connect [Error: connect ECONNREFUSED ::1:27017\n    at TCPConnectWrap.afterConnect [as oncomplete] (node:net:1555:16) {\n  name: 'MongoNetworkError'\n}]\n    at Pool.<anonymous> (C:\\Users\\USER-PC\\Documents\\Personal Projects\\i-see-memories-api\\node_modules\\mongodb\\lib\\core\\topologies\\server.js:441:11)\n    at Pool.emit (node:events:517:28)\n    at Pool.emit (node:domain:489:12)\n    at C:\\Users\\USER-PC\\Documents\\Personal Projects\\i-see-memories-api\\node_modules\\mongodb\\lib\\core\\connection\\pool.js:564:14\n    at C:\\Users\\USER-PC\\Documents\\Personal Projects\\i-see-memories-api\\node_modules\\mongodb\\lib\\core\\connection\\pool.js:1000:11\n    at C:\\Users\\USER-PC\\Documents\\Personal Projects\\i-see-memories-api\\node_modules\\mongodb\\lib\\core\\connection\\connect.js:32:7\n    at callback (C:\\Users\\USER-PC\\Documents\\Personal Projects\\i-see-memories-api\\node_modules\\mongodb\\lib\\core\\connection\\connect.js:300:5)\n    at Socket.<anonymous> (C:\\Users\\USER-PC\\Documents\\Personal Projects\\i-see-memories-api\\node_modules\\mongodb\\lib\\core\\connection\\connect.js:330:7)\n    at Object.onceWrapper (node:events:632:26)\n    at Socket.emit (node:events:517:28)\n    at Socket.emit (node:domain:489:12)\n    at emitErrorNT (node:internal/streams/destroy:151:8)\n    at emitErrorCloseNT (node:internal/streams/destroy:116:3)\n    at processTicksAndRejections (node:internal/process/task_queues:82:21)","timestamp":"2024-11-17T03:05:43.395Z","trace":[{"column":16,"file":"node:net","function":"TCPConnectWrap.afterConnect [as oncomplete]","line":1555,"method":"afterConnect [as oncomplete]","native":false},{"column":11,"file":"C:\\Users\\USER-PC\\Documents\\Personal Projects\\i-see-memories-api\\node_modules\\mongodb\\lib\\core\\topologies\\server.js","function":null,"line":441,"method":null,"native":false},{"column":28,"file":"node:events","function":"Pool.emit","line":517,"method":"emit","native":false},{"column":12,"file":"node:domain","function":"Pool.emit","line":489,"method":"emit","native":false},{"column":14,"file":"C:\\Users\\USER-PC\\Documents\\Personal Projects\\i-see-memories-api\\node_modules\\mongodb\\lib\\core\\connection\\pool.js","function":null,"line":564,"method":null,"native":false},{"column":11,"file":"C:\\Users\\USER-PC\\Documents\\Personal Projects\\i-see-memories-api\\node_modules\\mongodb\\lib\\core\\connection\\pool.js","function":null,"line":1000,"method":null,"native":false},{"column":7,"file":"C:\\Users\\USER-PC\\Documents\\Personal Projects\\i-see-memories-api\\node_modules\\mongodb\\lib\\core\\connection\\connect.js","function":null,"line":32,"method":null,"native":false},{"column":5,"file":"C:\\Users\\USER-PC\\Documents\\Personal Projects\\i-see-memories-api\\node_modules\\mongodb\\lib\\core\\connection\\connect.js","function":"callback","line":300,"method":null,"native":false},{"column":7,"file":"C:\\Users\\USER-PC\\Documents\\Personal Projects\\i-see-memories-api\\node_modules\\mongodb\\lib\\core\\connection\\connect.js","function":null,"line":330,"method":null,"native":false},{"column":26,"file":"node:events","function":"Object.onceWrapper","line":632,"method":"onceWrapper","native":false},{"column":28,"file":"node:events","function":"Socket.emit","line":517,"method":"emit","native":false},{"column":12,"file":"node:domain","function":"Socket.emit","line":489,"method":"emit","native":false},{"column":8,"file":"node:internal/streams/destroy","function":"emitErrorNT","line":151,"method":null,"native":false},{"column":3,"file":"node:internal/streams/destroy","function":"emitErrorCloseNT","line":116,"method":null,"native":false},{"column":21,"file":"node:internal/process/task_queues","function":"processTicksAndRejections","line":82,"method":null,"native":false}]}
2024-11-17 04:06:47
[i_see_memories] error:
MongoNetworkError: failed to connect to server [localhost:27017] on first connect [Error: connect ECONNREFUSED ::1:27017
    at TCPConnectWrap.afterConnect [as oncomplete] (node:net:1555:16) {
  name: 'MongoNetworkError'
}]
    at Pool.<anonymous> (C:\Users\USER-PC\Documents\Personal Projects\i-see-memories-api\node_modules\mongodb\lib\core\topologies\server.js:441:11)
    at Pool.emit (node:events:517:28)
    at Pool.emit (node:domain:489:12)
    at C:\Users\USER-PC\Documents\Personal Projects\i-see-memories-api\node_modules\mongodb\lib\core\connection\pool.js:564:14
    at C:\Users\USER-PC\Documents\Personal Projects\i-see-memories-api\node_modules\mongodb\lib\core\connection\pool.js:1000:11
    at C:\Users\USER-PC\Documents\Personal Projects\i-see-memories-api\node_modules\mongodb\lib\core\connection\connect.js:32:7
    at callback (C:\Users\USER-PC\Documents\Personal Projects\i-see-memories-api\node_modules\mongodb\lib\core\connection\connect.js:300:5)
    at Socket.<anonymous> (C:\Users\USER-PC\Documents\Personal Projects\i-see-memories-api\node_modules\mongodb\lib\core\connection\connect.js:330:7)
    at Object.onceWrapper (node:events:632:26)
    at Socket.emit (node:events:517:28)
    at Socket.emit (node:domain:489:12)
    at emitErrorNT (node:internal/streams/destroy:151:8)
    at emitErrorCloseNT (node:internal/streams/destroy:116:3)
    at processTicksAndRejections (node:internal/process/task_queues:82:21)

{"date":"Sun Nov 17 2024 04:06:47 GMT+0100 (West Africa Standard Time)","error":{"name":"MongoNetworkError"},"label":"i_see_memories","level":"error","message":"unhandledRejection: failed to connect to server [localhost:27017] on first connect [Error: connect ECONNREFUSED ::1:27017\n    at TCPConnectWrap.afterConnect [as oncomplete] (node:net:1555:16) {\n  name: 'MongoNetworkError'\n}]\nMongoNetworkError: failed to connect to server [localhost:27017] on first connect [Error: connect ECONNREFUSED ::1:27017\n    at TCPConnectWrap.afterConnect [as oncomplete] (node:net:1555:16) {\n  name: 'MongoNetworkError'\n}]\n    at Pool.<anonymous> (C:\\Users\\USER-PC\\Documents\\Personal Projects\\i-see-memories-api\\node_modules\\mongodb\\lib\\core\\topologies\\server.js:441:11)\n    at Pool.emit (node:events:517:28)\n    at Pool.emit (node:domain:489:12)\n    at C:\\Users\\USER-PC\\Documents\\Personal Projects\\i-see-memories-api\\node_modules\\mongodb\\lib\\core\\connection\\pool.js:564:14\n    at C:\\Users\\USER-PC\\Documents\\Personal Projects\\i-see-memories-api\\node_modules\\mongodb\\lib\\core\\connection\\pool.js:1000:11\n    at C:\\Users\\USER-PC\\Documents\\Personal Projects\\i-see-memories-api\\node_modules\\mongodb\\lib\\core\\connection\\connect.js:32:7\n    at callback (C:\\Users\\USER-PC\\Documents\\Personal Projects\\i-see-memories-api\\node_modules\\mongodb\\lib\\core\\connection\\connect.js:300:5)\n    at Socket.<anonymous> (C:\\Users\\USER-PC\\Documents\\Personal Projects\\i-see-memories-api\\node_modules\\mongodb\\lib\\core\\connection\\connect.js:330:7)\n    at Object.onceWrapper (node:events:632:26)\n    at Socket.emit (node:events:517:28)\n    at Socket.emit (node:domain:489:12)\n    at emitErrorNT (node:internal/streams/destroy:151:8)\n    at emitErrorCloseNT (node:internal/streams/destroy:116:3)\n    at processTicksAndRejections (node:internal/process/task_queues:82:21)","os":{"loadavg":[0,0,0],"uptime":1340224.89},"process":{"argv":["C:\\Users\\USER-PC\\Documents\\Personal Projects\\i-see-memories-api\\node_modules\\ts-node\\dist\\bin.js","C:\\Users\\USER-PC\\Documents\\Personal Projects\\i-see-memories-api\\src\\index.ts","/src/index.ts"],"cwd":"C:\\Users\\USER-PC\\Documents\\Personal Projects\\i-see-memories-api","execPath":"C:\\Program Files\\nodejs\\node.exe","gid":null,"memoryUsage":{"arrayBuffers":21949238,"external":23907332,"heapTotal":257474560,"heapUsed":221983904,"rss":315219968},"pid":11172,"uid":null,"version":"v18.19.1"},"rejection":true,"stack":"MongoNetworkError: failed to connect to server [localhost:27017] on first connect [Error: connect ECONNREFUSED ::1:27017\n    at TCPConnectWrap.afterConnect [as oncomplete] (node:net:1555:16) {\n  name: 'MongoNetworkError'\n}]\n    at Pool.<anonymous> (C:\\Users\\USER-PC\\Documents\\Personal Projects\\i-see-memories-api\\node_modules\\mongodb\\lib\\core\\topologies\\server.js:441:11)\n    at Pool.emit (node:events:517:28)\n    at Pool.emit (node:domain:489:12)\n    at C:\\Users\\USER-PC\\Documents\\Personal Projects\\i-see-memories-api\\node_modules\\mongodb\\lib\\core\\connection\\pool.js:564:14\n    at C:\\Users\\USER-PC\\Documents\\Personal Projects\\i-see-memories-api\\node_modules\\mongodb\\lib\\core\\connection\\pool.js:1000:11\n    at C:\\Users\\USER-PC\\Documents\\Personal Projects\\i-see-memories-api\\node_modules\\mongodb\\lib\\core\\connection\\connect.js:32:7\n    at callback (C:\\Users\\USER-PC\\Documents\\Personal Projects\\i-see-memories-api\\node_modules\\mongodb\\lib\\core\\connection\\connect.js:300:5)\n    at Socket.<anonymous> (C:\\Users\\USER-PC\\Documents\\Personal Projects\\i-see-memories-api\\node_modules\\mongodb\\lib\\core\\connection\\connect.js:330:7)\n    at Object.onceWrapper (node:events:632:26)\n    at Socket.emit (node:events:517:28)\n    at Socket.emit (node:domain:489:12)\n    at emitErrorNT (node:internal/streams/destroy:151:8)\n    at emitErrorCloseNT (node:internal/streams/destroy:116:3)\n    at processTicksAndRejections (node:internal/process/task_queues:82:21)","timestamp":"2024-11-17T03:06:47.548Z","trace":[{"column":16,"file":"node:net","function":"TCPConnectWrap.afterConnect [as oncomplete]","line":1555,"method":"afterConnect [as oncomplete]","native":false},{"column":11,"file":"C:\\Users\\USER-PC\\Documents\\Personal Projects\\i-see-memories-api\\node_modules\\mongodb\\lib\\core\\topologies\\server.js","function":null,"line":441,"method":null,"native":false},{"column":28,"file":"node:events","function":"Pool.emit","line":517,"method":"emit","native":false},{"column":12,"file":"node:domain","function":"Pool.emit","line":489,"method":"emit","native":false},{"column":14,"file":"C:\\Users\\USER-PC\\Documents\\Personal Projects\\i-see-memories-api\\node_modules\\mongodb\\lib\\core\\connection\\pool.js","function":null,"line":564,"method":null,"native":false},{"column":11,"file":"C:\\Users\\USER-PC\\Documents\\Personal Projects\\i-see-memories-api\\node_modules\\mongodb\\lib\\core\\connection\\pool.js","function":null,"line":1000,"method":null,"native":false},{"column":7,"file":"C:\\Users\\USER-PC\\Documents\\Personal Projects\\i-see-memories-api\\node_modules\\mongodb\\lib\\core\\connection\\connect.js","function":null,"line":32,"method":null,"native":false},{"column":5,"file":"C:\\Users\\USER-PC\\Documents\\Personal Projects\\i-see-memories-api\\node_modules\\mongodb\\lib\\core\\connection\\connect.js","function":"callback","line":300,"method":null,"native":false},{"column":7,"file":"C:\\Users\\USER-PC\\Documents\\Personal Projects\\i-see-memories-api\\node_modules\\mongodb\\lib\\core\\connection\\connect.js","function":null,"line":330,"method":null,"native":false},{"column":26,"file":"node:events","function":"Object.onceWrapper","line":632,"method":"onceWrapper","native":false},{"column":28,"file":"node:events","function":"Socket.emit","line":517,"method":"emit","native":false},{"column":12,"file":"node:domain","function":"Socket.emit","line":489,"method":"emit","native":false},{"column":8,"file":"node:internal/streams/destroy","function":"emitErrorNT","line":151,"method":null,"native":false},{"column":3,"file":"node:internal/streams/destroy","function":"emitErrorCloseNT","line":116,"method":null,"native":false},{"column":21,"file":"node:internal/process/task_queues","function":"processTicksAndRejections","line":82,"method":null,"native":false}]}
2024-11-17 04:08:27
[i_see_memories] error:
MongoNetworkError: failed to connect to server [localhost:27017] on first connect [Error: connect ECONNREFUSED ::1:27017
    at TCPConnectWrap.afterConnect [as oncomplete] (node:net:1555:16) {
  name: 'MongoNetworkError'
}]
    at Pool.<anonymous> (C:\Users\USER-PC\Documents\Personal Projects\i-see-memories-api\node_modules\mongodb\lib\core\topologies\server.js:441:11)
    at Pool.emit (node:events:517:28)
    at Pool.emit (node:domain:489:12)
    at C:\Users\USER-PC\Documents\Personal Projects\i-see-memories-api\node_modules\mongodb\lib\core\connection\pool.js:564:14
    at C:\Users\USER-PC\Documents\Personal Projects\i-see-memories-api\node_modules\mongodb\lib\core\connection\pool.js:1000:11
    at C:\Users\USER-PC\Documents\Personal Projects\i-see-memories-api\node_modules\mongodb\lib\core\connection\connect.js:32:7
    at callback (C:\Users\USER-PC\Documents\Personal Projects\i-see-memories-api\node_modules\mongodb\lib\core\connection\connect.js:300:5)
    at Socket.<anonymous> (C:\Users\USER-PC\Documents\Personal Projects\i-see-memories-api\node_modules\mongodb\lib\core\connection\connect.js:330:7)
    at Object.onceWrapper (node:events:632:26)
    at Socket.emit (node:events:517:28)
    at Socket.emit (node:domain:489:12)
    at emitErrorNT (node:internal/streams/destroy:151:8)
    at emitErrorCloseNT (node:internal/streams/destroy:116:3)
    at processTicksAndRejections (node:internal/process/task_queues:82:21)

{"date":"Sun Nov 17 2024 04:08:27 GMT+0100 (West Africa Standard Time)","error":{"name":"MongoNetworkError"},"label":"i_see_memories","level":"error","message":"unhandledRejection: failed to connect to server [localhost:27017] on first connect [Error: connect ECONNREFUSED ::1:27017\n    at TCPConnectWrap.afterConnect [as oncomplete] (node:net:1555:16) {\n  name: 'MongoNetworkError'\n}]\nMongoNetworkError: failed to connect to server [localhost:27017] on first connect [Error: connect ECONNREFUSED ::1:27017\n    at TCPConnectWrap.afterConnect [as oncomplete] (node:net:1555:16) {\n  name: 'MongoNetworkError'\n}]\n    at Pool.<anonymous> (C:\\Users\\USER-PC\\Documents\\Personal Projects\\i-see-memories-api\\node_modules\\mongodb\\lib\\core\\topologies\\server.js:441:11)\n    at Pool.emit (node:events:517:28)\n    at Pool.emit (node:domain:489:12)\n    at C:\\Users\\USER-PC\\Documents\\Personal Projects\\i-see-memories-api\\node_modules\\mongodb\\lib\\core\\connection\\pool.js:564:14\n    at C:\\Users\\USER-PC\\Documents\\Personal Projects\\i-see-memories-api\\node_modules\\mongodb\\lib\\core\\connection\\pool.js:1000:11\n    at C:\\Users\\USER-PC\\Documents\\Personal Projects\\i-see-memories-api\\node_modules\\mongodb\\lib\\core\\connection\\connect.js:32:7\n    at callback (C:\\Users\\USER-PC\\Documents\\Personal Projects\\i-see-memories-api\\node_modules\\mongodb\\lib\\core\\connection\\connect.js:300:5)\n    at Socket.<anonymous> (C:\\Users\\USER-PC\\Documents\\Personal Projects\\i-see-memories-api\\node_modules\\mongodb\\lib\\core\\connection\\connect.js:330:7)\n    at Object.onceWrapper (node:events:632:26)\n    at Socket.emit (node:events:517:28)\n    at Socket.emit (node:domain:489:12)\n    at emitErrorNT (node:internal/streams/destroy:151:8)\n    at emitErrorCloseNT (node:internal/streams/destroy:116:3)\n    at processTicksAndRejections (node:internal/process/task_queues:82:21)","os":{"loadavg":[0,0,0],"uptime":1340324.875},"process":{"argv":["C:\\Users\\USER-PC\\Documents\\Personal Projects\\i-see-memories-api\\node_modules\\ts-node\\dist\\bin.js","C:\\Users\\USER-PC\\Documents\\Personal Projects\\i-see-memories-api\\src\\index.ts","/src/index.ts"],"cwd":"C:\\Users\\USER-PC\\Documents\\Personal Projects\\i-see-memories-api","execPath":"C:\\Program Files\\nodejs\\node.exe","gid":null,"memoryUsage":{"arrayBuffers":22019834,"external":23977928,"heapTotal":256925696,"heapUsed":224300680,"rss":316739584},"pid":7328,"uid":null,"version":"v18.19.1"},"rejection":true,"stack":"MongoNetworkError: failed to connect to server [localhost:27017] on first connect [Error: connect ECONNREFUSED ::1:27017\n    at TCPConnectWrap.afterConnect [as oncomplete] (node:net:1555:16) {\n  name: 'MongoNetworkError'\n}]\n    at Pool.<anonymous> (C:\\Users\\USER-PC\\Documents\\Personal Projects\\i-see-memories-api\\node_modules\\mongodb\\lib\\core\\topologies\\server.js:441:11)\n    at Pool.emit (node:events:517:28)\n    at Pool.emit (node:domain:489:12)\n    at C:\\Users\\USER-PC\\Documents\\Personal Projects\\i-see-memories-api\\node_modules\\mongodb\\lib\\core\\connection\\pool.js:564:14\n    at C:\\Users\\USER-PC\\Documents\\Personal Projects\\i-see-memories-api\\node_modules\\mongodb\\lib\\core\\connection\\pool.js:1000:11\n    at C:\\Users\\USER-PC\\Documents\\Personal Projects\\i-see-memories-api\\node_modules\\mongodb\\lib\\core\\connection\\connect.js:32:7\n    at callback (C:\\Users\\USER-PC\\Documents\\Personal Projects\\i-see-memories-api\\node_modules\\mongodb\\lib\\core\\connection\\connect.js:300:5)\n    at Socket.<anonymous> (C:\\Users\\USER-PC\\Documents\\Personal Projects\\i-see-memories-api\\node_modules\\mongodb\\lib\\core\\connection\\connect.js:330:7)\n    at Object.onceWrapper (node:events:632:26)\n    at Socket.emit (node:events:517:28)\n    at Socket.emit (node:domain:489:12)\n    at emitErrorNT (node:internal/streams/destroy:151:8)\n    at emitErrorCloseNT (node:internal/streams/destroy:116:3)\n    at processTicksAndRejections (node:internal/process/task_queues:82:21)","timestamp":"2024-11-17T03:08:27.535Z","trace":[{"column":16,"file":"node:net","function":"TCPConnectWrap.afterConnect [as oncomplete]","line":1555,"method":"afterConnect [as oncomplete]","native":false},{"column":11,"file":"C:\\Users\\USER-PC\\Documents\\Personal Projects\\i-see-memories-api\\node_modules\\mongodb\\lib\\core\\topologies\\server.js","function":null,"line":441,"method":null,"native":false},{"column":28,"file":"node:events","function":"Pool.emit","line":517,"method":"emit","native":false},{"column":12,"file":"node:domain","function":"Pool.emit","line":489,"method":"emit","native":false},{"column":14,"file":"C:\\Users\\USER-PC\\Documents\\Personal Projects\\i-see-memories-api\\node_modules\\mongodb\\lib\\core\\connection\\pool.js","function":null,"line":564,"method":null,"native":false},{"column":11,"file":"C:\\Users\\USER-PC\\Documents\\Personal Projects\\i-see-memories-api\\node_modules\\mongodb\\lib\\core\\connection\\pool.js","function":null,"line":1000,"method":null,"native":false},{"column":7,"file":"C:\\Users\\USER-PC\\Documents\\Personal Projects\\i-see-memories-api\\node_modules\\mongodb\\lib\\core\\connection\\connect.js","function":null,"line":32,"method":null,"native":false},{"column":5,"file":"C:\\Users\\USER-PC\\Documents\\Personal Projects\\i-see-memories-api\\node_modules\\mongodb\\lib\\core\\connection\\connect.js","function":"callback","line":300,"method":null,"native":false},{"column":7,"file":"C:\\Users\\USER-PC\\Documents\\Personal Projects\\i-see-memories-api\\node_modules\\mongodb\\lib\\core\\connection\\connect.js","function":null,"line":330,"method":null,"native":false},{"column":26,"file":"node:events","function":"Object.onceWrapper","line":632,"method":"onceWrapper","native":false},{"column":28,"file":"node:events","function":"Socket.emit","line":517,"method":"emit","native":false},{"column":12,"file":"node:domain","function":"Socket.emit","line":489,"method":"emit","native":false},{"column":8,"file":"node:internal/streams/destroy","function":"emitErrorNT","line":151,"method":null,"native":false},{"column":3,"file":"node:internal/streams/destroy","function":"emitErrorCloseNT","line":116,"method":null,"native":false},{"column":21,"file":"node:internal/process/task_queues","function":"processTicksAndRejections","line":82,"method":null,"native":false}]}
2024-11-17 04:40:11
[i_see_memories] error:
MongoNetworkError: failed to connect to server [localhost:27017] on first connect [Error: connect ECONNREFUSED ::1:27017
    at TCPConnectWrap.afterConnect [as oncomplete] (node:net:1555:16) {
  name: 'MongoNetworkError'
}]
    at Pool.<anonymous> (C:\Users\USER-PC\Documents\Personal Projects\i-see-memories-api\node_modules\mongodb\lib\core\topologies\server.js:441:11)
    at Pool.emit (node:events:517:28)
    at Pool.emit (node:domain:489:12)
    at C:\Users\USER-PC\Documents\Personal Projects\i-see-memories-api\node_modules\mongodb\lib\core\connection\pool.js:564:14
    at C:\Users\USER-PC\Documents\Personal Projects\i-see-memories-api\node_modules\mongodb\lib\core\connection\pool.js:1000:11
    at C:\Users\USER-PC\Documents\Personal Projects\i-see-memories-api\node_modules\mongodb\lib\core\connection\connect.js:32:7
    at callback (C:\Users\USER-PC\Documents\Personal Projects\i-see-memories-api\node_modules\mongodb\lib\core\connection\connect.js:300:5)
    at Socket.<anonymous> (C:\Users\USER-PC\Documents\Personal Projects\i-see-memories-api\node_modules\mongodb\lib\core\connection\connect.js:330:7)
    at Object.onceWrapper (node:events:632:26)
    at Socket.emit (node:events:517:28)
    at Socket.emit (node:domain:489:12)
    at emitErrorNT (node:internal/streams/destroy:151:8)
    at emitErrorCloseNT (node:internal/streams/destroy:116:3)
    at processTicksAndRejections (node:internal/process/task_queues:82:21)

{"date":"Sun Nov 17 2024 04:40:11 GMT+0100 (West Africa Standard Time)","error":{"name":"MongoNetworkError"},"label":"i_see_memories","level":"error","message":"unhandledRejection: failed to connect to server [localhost:27017] on first connect [Error: connect ECONNREFUSED ::1:27017\n    at TCPConnectWrap.afterConnect [as oncomplete] (node:net:1555:16) {\n  name: 'MongoNetworkError'\n}]\nMongoNetworkError: failed to connect to server [localhost:27017] on first connect [Error: connect ECONNREFUSED ::1:27017\n    at TCPConnectWrap.afterConnect [as oncomplete] (node:net:1555:16) {\n  name: 'MongoNetworkError'\n}]\n    at Pool.<anonymous> (C:\\Users\\USER-PC\\Documents\\Personal Projects\\i-see-memories-api\\node_modules\\mongodb\\lib\\core\\topologies\\server.js:441:11)\n    at Pool.emit (node:events:517:28)\n    at Pool.emit (node:domain:489:12)\n    at C:\\Users\\USER-PC\\Documents\\Personal Projects\\i-see-memories-api\\node_modules\\mongodb\\lib\\core\\connection\\pool.js:564:14\n    at C:\\Users\\USER-PC\\Documents\\Personal Projects\\i-see-memories-api\\node_modules\\mongodb\\lib\\core\\connection\\pool.js:1000:11\n    at C:\\Users\\USER-PC\\Documents\\Personal Projects\\i-see-memories-api\\node_modules\\mongodb\\lib\\core\\connection\\connect.js:32:7\n    at callback (C:\\Users\\USER-PC\\Documents\\Personal Projects\\i-see-memories-api\\node_modules\\mongodb\\lib\\core\\connection\\connect.js:300:5)\n    at Socket.<anonymous> (C:\\Users\\USER-PC\\Documents\\Personal Projects\\i-see-memories-api\\node_modules\\mongodb\\lib\\core\\connection\\connect.js:330:7)\n    at Object.onceWrapper (node:events:632:26)\n    at Socket.emit (node:events:517:28)\n    at Socket.emit (node:domain:489:12)\n    at emitErrorNT (node:internal/streams/destroy:151:8)\n    at emitErrorCloseNT (node:internal/streams/destroy:116:3)\n    at processTicksAndRejections (node:internal/process/task_queues:82:21)","os":{"loadavg":[0,0,0],"uptime":1342228.937},"process":{"argv":["C:\\Users\\USER-PC\\Documents\\Personal Projects\\i-see-memories-api\\node_modules\\ts-node\\dist\\bin.js","C:\\Users\\USER-PC\\Documents\\Personal Projects\\i-see-memories-api\\src\\index.ts","/src/index.ts"],"cwd":"C:\\Users\\USER-PC\\Documents\\Personal Projects\\i-see-memories-api","execPath":"C:\\Program Files\\nodejs\\node.exe","gid":null,"memoryUsage":{"arrayBuffers":21976370,"external":23934464,"heapTotal":255614976,"heapUsed":223124744,"rss":313999360},"pid":29332,"uid":null,"version":"v18.19.1"},"rejection":true,"stack":"MongoNetworkError: failed to connect to server [localhost:27017] on first connect [Error: connect ECONNREFUSED ::1:27017\n    at TCPConnectWrap.afterConnect [as oncomplete] (node:net:1555:16) {\n  name: 'MongoNetworkError'\n}]\n    at Pool.<anonymous> (C:\\Users\\USER-PC\\Documents\\Personal Projects\\i-see-memories-api\\node_modules\\mongodb\\lib\\core\\topologies\\server.js:441:11)\n    at Pool.emit (node:events:517:28)\n    at Pool.emit (node:domain:489:12)\n    at C:\\Users\\USER-PC\\Documents\\Personal Projects\\i-see-memories-api\\node_modules\\mongodb\\lib\\core\\connection\\pool.js:564:14\n    at C:\\Users\\USER-PC\\Documents\\Personal Projects\\i-see-memories-api\\node_modules\\mongodb\\lib\\core\\connection\\pool.js:1000:11\n    at C:\\Users\\USER-PC\\Documents\\Personal Projects\\i-see-memories-api\\node_modules\\mongodb\\lib\\core\\connection\\connect.js:32:7\n    at callback (C:\\Users\\USER-PC\\Documents\\Personal Projects\\i-see-memories-api\\node_modules\\mongodb\\lib\\core\\connection\\connect.js:300:5)\n    at Socket.<anonymous> (C:\\Users\\USER-PC\\Documents\\Personal Projects\\i-see-memories-api\\node_modules\\mongodb\\lib\\core\\connection\\connect.js:330:7)\n    at Object.onceWrapper (node:events:632:26)\n    at Socket.emit (node:events:517:28)\n    at Socket.emit (node:domain:489:12)\n    at emitErrorNT (node:internal/streams/destroy:151:8)\n    at emitErrorCloseNT (node:internal/streams/destroy:116:3)\n    at processTicksAndRejections (node:internal/process/task_queues:82:21)","timestamp":"2024-11-17T03:40:11.608Z","trace":[{"column":16,"file":"node:net","function":"TCPConnectWrap.afterConnect [as oncomplete]","line":1555,"method":"afterConnect [as oncomplete]","native":false},{"column":11,"file":"C:\\Users\\USER-PC\\Documents\\Personal Projects\\i-see-memories-api\\node_modules\\mongodb\\lib\\core\\topologies\\server.js","function":null,"line":441,"method":null,"native":false},{"column":28,"file":"node:events","function":"Pool.emit","line":517,"method":"emit","native":false},{"column":12,"file":"node:domain","function":"Pool.emit","line":489,"method":"emit","native":false},{"column":14,"file":"C:\\Users\\USER-PC\\Documents\\Personal Projects\\i-see-memories-api\\node_modules\\mongodb\\lib\\core\\connection\\pool.js","function":null,"line":564,"method":null,"native":false},{"column":11,"file":"C:\\Users\\USER-PC\\Documents\\Personal Projects\\i-see-memories-api\\node_modules\\mongodb\\lib\\core\\connection\\pool.js","function":null,"line":1000,"method":null,"native":false},{"column":7,"file":"C:\\Users\\USER-PC\\Documents\\Personal Projects\\i-see-memories-api\\node_modules\\mongodb\\lib\\core\\connection\\connect.js","function":null,"line":32,"method":null,"native":false},{"column":5,"file":"C:\\Users\\USER-PC\\Documents\\Personal Projects\\i-see-memories-api\\node_modules\\mongodb\\lib\\core\\connection\\connect.js","function":"callback","line":300,"method":null,"native":false},{"column":7,"file":"C:\\Users\\USER-PC\\Documents\\Personal Projects\\i-see-memories-api\\node_modules\\mongodb\\lib\\core\\connection\\connect.js","function":null,"line":330,"method":null,"native":false},{"column":26,"file":"node:events","function":"Object.onceWrapper","line":632,"method":"onceWrapper","native":false},{"column":28,"file":"node:events","function":"Socket.emit","line":517,"method":"emit","native":false},{"column":12,"file":"node:domain","function":"Socket.emit","line":489,"method":"emit","native":false},{"column":8,"file":"node:internal/streams/destroy","function":"emitErrorNT","line":151,"method":null,"native":false},{"column":3,"file":"node:internal/streams/destroy","function":"emitErrorCloseNT","line":116,"method":null,"native":false},{"column":21,"file":"node:internal/process/task_queues","function":"processTicksAndRejections","line":82,"method":null,"native":false}]}
2024-11-17 04:45:56
[i_see_memories] error:
MongoNetworkError: failed to connect to server [localhost:27017] on first connect [Error: connect ECONNREFUSED ::1:27017
    at TCPConnectWrap.afterConnect [as oncomplete] (node:net:1555:16) {
  name: 'MongoNetworkError'
}]
    at Pool.<anonymous> (C:\Users\USER-PC\Documents\Personal Projects\i-see-memories-api\node_modules\mongodb\lib\core\topologies\server.js:441:11)
    at Pool.emit (node:events:517:28)
    at Pool.emit (node:domain:489:12)
    at C:\Users\USER-PC\Documents\Personal Projects\i-see-memories-api\node_modules\mongodb\lib\core\connection\pool.js:564:14
    at C:\Users\USER-PC\Documents\Personal Projects\i-see-memories-api\node_modules\mongodb\lib\core\connection\pool.js:1000:11
    at C:\Users\USER-PC\Documents\Personal Projects\i-see-memories-api\node_modules\mongodb\lib\core\connection\connect.js:32:7
    at callback (C:\Users\USER-PC\Documents\Personal Projects\i-see-memories-api\node_modules\mongodb\lib\core\connection\connect.js:300:5)
    at Socket.<anonymous> (C:\Users\USER-PC\Documents\Personal Projects\i-see-memories-api\node_modules\mongodb\lib\core\connection\connect.js:330:7)
    at Object.onceWrapper (node:events:632:26)
    at Socket.emit (node:events:517:28)
    at Socket.emit (node:domain:489:12)
    at emitErrorNT (node:internal/streams/destroy:151:8)
    at emitErrorCloseNT (node:internal/streams/destroy:116:3)
    at processTicksAndRejections (node:internal/process/task_queues:82:21)

{"date":"Sun Nov 17 2024 04:45:56 GMT+0100 (West Africa Standard Time)","error":{"name":"MongoNetworkError"},"label":"i_see_memories","level":"error","message":"unhandledRejection: failed to connect to server [localhost:27017] on first connect [Error: connect ECONNREFUSED ::1:27017\n    at TCPConnectWrap.afterConnect [as oncomplete] (node:net:1555:16) {\n  name: 'MongoNetworkError'\n}]\nMongoNetworkError: failed to connect to server [localhost:27017] on first connect [Error: connect ECONNREFUSED ::1:27017\n    at TCPConnectWrap.afterConnect [as oncomplete] (node:net:1555:16) {\n  name: 'MongoNetworkError'\n}]\n    at Pool.<anonymous> (C:\\Users\\USER-PC\\Documents\\Personal Projects\\i-see-memories-api\\node_modules\\mongodb\\lib\\core\\topologies\\server.js:441:11)\n    at Pool.emit (node:events:517:28)\n    at Pool.emit (node:domain:489:12)\n    at C:\\Users\\USER-PC\\Documents\\Personal Projects\\i-see-memories-api\\node_modules\\mongodb\\lib\\core\\connection\\pool.js:564:14\n    at C:\\Users\\USER-PC\\Documents\\Personal Projects\\i-see-memories-api\\node_modules\\mongodb\\lib\\core\\connection\\pool.js:1000:11\n    at C:\\Users\\USER-PC\\Documents\\Personal Projects\\i-see-memories-api\\node_modules\\mongodb\\lib\\core\\connection\\connect.js:32:7\n    at callback (C:\\Users\\USER-PC\\Documents\\Personal Projects\\i-see-memories-api\\node_modules\\mongodb\\lib\\core\\connection\\connect.js:300:5)\n    at Socket.<anonymous> (C:\\Users\\USER-PC\\Documents\\Personal Projects\\i-see-memories-api\\node_modules\\mongodb\\lib\\core\\connection\\connect.js:330:7)\n    at Object.onceWrapper (node:events:632:26)\n    at Socket.emit (node:events:517:28)\n    at Socket.emit (node:domain:489:12)\n    at emitErrorNT (node:internal/streams/destroy:151:8)\n    at emitErrorCloseNT (node:internal/streams/destroy:116:3)\n    at processTicksAndRejections (node:internal/process/task_queues:82:21)","os":{"loadavg":[0,0,0],"uptime":1342574},"process":{"argv":["C:\\Users\\USER-PC\\Documents\\Personal Projects\\i-see-memories-api\\node_modules\\ts-node\\dist\\bin.js","C:\\Users\\USER-PC\\Documents\\Personal Projects\\i-see-memories-api\\src\\index.ts","/src/index.ts"],"cwd":"C:\\Users\\USER-PC\\Documents\\Personal Projects\\i-see-memories-api","execPath":"C:\\Program Files\\nodejs\\node.exe","gid":null,"memoryUsage":{"arrayBuffers":22221884,"external":24179978,"heapTotal":261406720,"heapUsed":221024632,"rss":314626048},"pid":26676,"uid":null,"version":"v18.19.1"},"rejection":true,"stack":"MongoNetworkError: failed to connect to server [localhost:27017] on first connect [Error: connect ECONNREFUSED ::1:27017\n    at TCPConnectWrap.afterConnect [as oncomplete] (node:net:1555:16) {\n  name: 'MongoNetworkError'\n}]\n    at Pool.<anonymous> (C:\\Users\\USER-PC\\Documents\\Personal Projects\\i-see-memories-api\\node_modules\\mongodb\\lib\\core\\topologies\\server.js:441:11)\n    at Pool.emit (node:events:517:28)\n    at Pool.emit (node:domain:489:12)\n    at C:\\Users\\USER-PC\\Documents\\Personal Projects\\i-see-memories-api\\node_modules\\mongodb\\lib\\core\\connection\\pool.js:564:14\n    at C:\\Users\\USER-PC\\Documents\\Personal Projects\\i-see-memories-api\\node_modules\\mongodb\\lib\\core\\connection\\pool.js:1000:11\n    at C:\\Users\\USER-PC\\Documents\\Personal Projects\\i-see-memories-api\\node_modules\\mongodb\\lib\\core\\connection\\connect.js:32:7\n    at callback (C:\\Users\\USER-PC\\Documents\\Personal Projects\\i-see-memories-api\\node_modules\\mongodb\\lib\\core\\connection\\connect.js:300:5)\n    at Socket.<anonymous> (C:\\Users\\USER-PC\\Documents\\Personal Projects\\i-see-memories-api\\node_modules\\mongodb\\lib\\core\\connection\\connect.js:330:7)\n    at Object.onceWrapper (node:events:632:26)\n    at Socket.emit (node:events:517:28)\n    at Socket.emit (node:domain:489:12)\n    at emitErrorNT (node:internal/streams/destroy:151:8)\n    at emitErrorCloseNT (node:internal/streams/destroy:116:3)\n    at processTicksAndRejections (node:internal/process/task_queues:82:21)","timestamp":"2024-11-17T03:45:56.660Z","trace":[{"column":16,"file":"node:net","function":"TCPConnectWrap.afterConnect [as oncomplete]","line":1555,"method":"afterConnect [as oncomplete]","native":false},{"column":11,"file":"C:\\Users\\USER-PC\\Documents\\Personal Projects\\i-see-memories-api\\node_modules\\mongodb\\lib\\core\\topologies\\server.js","function":null,"line":441,"method":null,"native":false},{"column":28,"file":"node:events","function":"Pool.emit","line":517,"method":"emit","native":false},{"column":12,"file":"node:domain","function":"Pool.emit","line":489,"method":"emit","native":false},{"column":14,"file":"C:\\Users\\USER-PC\\Documents\\Personal Projects\\i-see-memories-api\\node_modules\\mongodb\\lib\\core\\connection\\pool.js","function":null,"line":564,"method":null,"native":false},{"column":11,"file":"C:\\Users\\USER-PC\\Documents\\Personal Projects\\i-see-memories-api\\node_modules\\mongodb\\lib\\core\\connection\\pool.js","function":null,"line":1000,"method":null,"native":false},{"column":7,"file":"C:\\Users\\USER-PC\\Documents\\Personal Projects\\i-see-memories-api\\node_modules\\mongodb\\lib\\core\\connection\\connect.js","function":null,"line":32,"method":null,"native":false},{"column":5,"file":"C:\\Users\\USER-PC\\Documents\\Personal Projects\\i-see-memories-api\\node_modules\\mongodb\\lib\\core\\connection\\connect.js","function":"callback","line":300,"method":null,"native":false},{"column":7,"file":"C:\\Users\\USER-PC\\Documents\\Personal Projects\\i-see-memories-api\\node_modules\\mongodb\\lib\\core\\connection\\connect.js","function":null,"line":330,"method":null,"native":false},{"column":26,"file":"node:events","function":"Object.onceWrapper","line":632,"method":"onceWrapper","native":false},{"column":28,"file":"node:events","function":"Socket.emit","line":517,"method":"emit","native":false},{"column":12,"file":"node:domain","function":"Socket.emit","line":489,"method":"emit","native":false},{"column":8,"file":"node:internal/streams/destroy","function":"emitErrorNT","line":151,"method":null,"native":false},{"column":3,"file":"node:internal/streams/destroy","function":"emitErrorCloseNT","line":116,"method":null,"native":false},{"column":21,"file":"node:internal/process/task_queues","function":"processTicksAndRejections","line":82,"method":null,"native":false}]}
2024-11-17 04:46:44
[i_see_memories] error:
MongoNetworkError: failed to connect to server [localhost:27017] on first connect [Error: connect ECONNREFUSED ::1:27017
    at TCPConnectWrap.afterConnect [as oncomplete] (node:net:1555:16) {
  name: 'MongoNetworkError'
}]
    at Pool.<anonymous> (C:\Users\USER-PC\Documents\Personal Projects\i-see-memories-api\node_modules\mongodb\lib\core\topologies\server.js:441:11)
    at Pool.emit (node:events:517:28)
    at Pool.emit (node:domain:489:12)
    at C:\Users\USER-PC\Documents\Personal Projects\i-see-memories-api\node_modules\mongodb\lib\core\connection\pool.js:564:14
    at C:\Users\USER-PC\Documents\Personal Projects\i-see-memories-api\node_modules\mongodb\lib\core\connection\pool.js:1000:11
    at C:\Users\USER-PC\Documents\Personal Projects\i-see-memories-api\node_modules\mongodb\lib\core\connection\connect.js:32:7
    at callback (C:\Users\USER-PC\Documents\Personal Projects\i-see-memories-api\node_modules\mongodb\lib\core\connection\connect.js:300:5)
    at Socket.<anonymous> (C:\Users\USER-PC\Documents\Personal Projects\i-see-memories-api\node_modules\mongodb\lib\core\connection\connect.js:330:7)
    at Object.onceWrapper (node:events:632:26)
    at Socket.emit (node:events:517:28)
    at Socket.emit (node:domain:489:12)
    at emitErrorNT (node:internal/streams/destroy:151:8)
    at emitErrorCloseNT (node:internal/streams/destroy:116:3)
    at processTicksAndRejections (node:internal/process/task_queues:82:21)

{"date":"Sun Nov 17 2024 04:46:44 GMT+0100 (West Africa Standard Time)","error":{"name":"MongoNetworkError"},"label":"i_see_memories","level":"error","message":"unhandledRejection: failed to connect to server [localhost:27017] on first connect [Error: connect ECONNREFUSED ::1:27017\n    at TCPConnectWrap.afterConnect [as oncomplete] (node:net:1555:16) {\n  name: 'MongoNetworkError'\n}]\nMongoNetworkError: failed to connect to server [localhost:27017] on first connect [Error: connect ECONNREFUSED ::1:27017\n    at TCPConnectWrap.afterConnect [as oncomplete] (node:net:1555:16) {\n  name: 'MongoNetworkError'\n}]\n    at Pool.<anonymous> (C:\\Users\\USER-PC\\Documents\\Personal Projects\\i-see-memories-api\\node_modules\\mongodb\\lib\\core\\topologies\\server.js:441:11)\n    at Pool.emit (node:events:517:28)\n    at Pool.emit (node:domain:489:12)\n    at C:\\Users\\USER-PC\\Documents\\Personal Projects\\i-see-memories-api\\node_modules\\mongodb\\lib\\core\\connection\\pool.js:564:14\n    at C:\\Users\\USER-PC\\Documents\\Personal Projects\\i-see-memories-api\\node_modules\\mongodb\\lib\\core\\connection\\pool.js:1000:11\n    at C:\\Users\\USER-PC\\Documents\\Personal Projects\\i-see-memories-api\\node_modules\\mongodb\\lib\\core\\connection\\connect.js:32:7\n    at callback (C:\\Users\\USER-PC\\Documents\\Personal Projects\\i-see-memories-api\\node_modules\\mongodb\\lib\\core\\connection\\connect.js:300:5)\n    at Socket.<anonymous> (C:\\Users\\USER-PC\\Documents\\Personal Projects\\i-see-memories-api\\node_modules\\mongodb\\lib\\core\\connection\\connect.js:330:7)\n    at Object.onceWrapper (node:events:632:26)\n    at Socket.emit (node:events:517:28)\n    at Socket.emit (node:domain:489:12)\n    at emitErrorNT (node:internal/streams/destroy:151:8)\n    at emitErrorCloseNT (node:internal/streams/destroy:116:3)\n    at processTicksAndRejections (node:internal/process/task_queues:82:21)","os":{"loadavg":[0,0,0],"uptime":1342621.906},"process":{"argv":["C:\\Users\\USER-PC\\Documents\\Personal Projects\\i-see-memories-api\\node_modules\\ts-node\\dist\\bin.js","C:\\Users\\USER-PC\\Documents\\Personal Projects\\i-see-memories-api\\src\\index.ts","/src/index.ts"],"cwd":"C:\\Users\\USER-PC\\Documents\\Personal Projects\\i-see-memories-api","execPath":"C:\\Program Files\\nodejs\\node.exe","gid":null,"memoryUsage":{"arrayBuffers":22217685,"external":24175779,"heapTotal":259309568,"heapUsed":220243928,"rss":313901056},"pid":11968,"uid":null,"version":"v18.19.1"},"rejection":true,"stack":"MongoNetworkError: failed to connect to server [localhost:27017] on first connect [Error: connect ECONNREFUSED ::1:27017\n    at TCPConnectWrap.afterConnect [as oncomplete] (node:net:1555:16) {\n  name: 'MongoNetworkError'\n}]\n    at Pool.<anonymous> (C:\\Users\\USER-PC\\Documents\\Personal Projects\\i-see-memories-api\\node_modules\\mongodb\\lib\\core\\topologies\\server.js:441:11)\n    at Pool.emit (node:events:517:28)\n    at Pool.emit (node:domain:489:12)\n    at C:\\Users\\USER-PC\\Documents\\Personal Projects\\i-see-memories-api\\node_modules\\mongodb\\lib\\core\\connection\\pool.js:564:14\n    at C:\\Users\\USER-PC\\Documents\\Personal Projects\\i-see-memories-api\\node_modules\\mongodb\\lib\\core\\connection\\pool.js:1000:11\n    at C:\\Users\\USER-PC\\Documents\\Personal Projects\\i-see-memories-api\\node_modules\\mongodb\\lib\\core\\connection\\connect.js:32:7\n    at callback (C:\\Users\\USER-PC\\Documents\\Personal Projects\\i-see-memories-api\\node_modules\\mongodb\\lib\\core\\connection\\connect.js:300:5)\n    at Socket.<anonymous> (C:\\Users\\USER-PC\\Documents\\Personal Projects\\i-see-memories-api\\node_modules\\mongodb\\lib\\core\\connection\\connect.js:330:7)\n    at Object.onceWrapper (node:events:632:26)\n    at Socket.emit (node:events:517:28)\n    at Socket.emit (node:domain:489:12)\n    at emitErrorNT (node:internal/streams/destroy:151:8)\n    at emitErrorCloseNT (node:internal/streams/destroy:116:3)\n    at processTicksAndRejections (node:internal/process/task_queues:82:21)","timestamp":"2024-11-17T03:46:44.573Z","trace":[{"column":16,"file":"node:net","function":"TCPConnectWrap.afterConnect [as oncomplete]","line":1555,"method":"afterConnect [as oncomplete]","native":false},{"column":11,"file":"C:\\Users\\USER-PC\\Documents\\Personal Projects\\i-see-memories-api\\node_modules\\mongodb\\lib\\core\\topologies\\server.js","function":null,"line":441,"method":null,"native":false},{"column":28,"file":"node:events","function":"Pool.emit","line":517,"method":"emit","native":false},{"column":12,"file":"node:domain","function":"Pool.emit","line":489,"method":"emit","native":false},{"column":14,"file":"C:\\Users\\USER-PC\\Documents\\Personal Projects\\i-see-memories-api\\node_modules\\mongodb\\lib\\core\\connection\\pool.js","function":null,"line":564,"method":null,"native":false},{"column":11,"file":"C:\\Users\\USER-PC\\Documents\\Personal Projects\\i-see-memories-api\\node_modules\\mongodb\\lib\\core\\connection\\pool.js","function":null,"line":1000,"method":null,"native":false},{"column":7,"file":"C:\\Users\\USER-PC\\Documents\\Personal Projects\\i-see-memories-api\\node_modules\\mongodb\\lib\\core\\connection\\connect.js","function":null,"line":32,"method":null,"native":false},{"column":5,"file":"C:\\Users\\USER-PC\\Documents\\Personal Projects\\i-see-memories-api\\node_modules\\mongodb\\lib\\core\\connection\\connect.js","function":"callback","line":300,"method":null,"native":false},{"column":7,"file":"C:\\Users\\USER-PC\\Documents\\Personal Projects\\i-see-memories-api\\node_modules\\mongodb\\lib\\core\\connection\\connect.js","function":null,"line":330,"method":null,"native":false},{"column":26,"file":"node:events","function":"Object.onceWrapper","line":632,"method":"onceWrapper","native":false},{"column":28,"file":"node:events","function":"Socket.emit","line":517,"method":"emit","native":false},{"column":12,"file":"node:domain","function":"Socket.emit","line":489,"method":"emit","native":false},{"column":8,"file":"node:internal/streams/destroy","function":"emitErrorNT","line":151,"method":null,"native":false},{"column":3,"file":"node:internal/streams/destroy","function":"emitErrorCloseNT","line":116,"method":null,"native":false},{"column":21,"file":"node:internal/process/task_queues","function":"processTicksAndRejections","line":82,"method":null,"native":false}]}
2024-11-17 05:01:57
[i_see_memories] error:
failed to connect to server [localhost:27017] on first connect [Error: connect ECONNREFUSED ::1:27017
    at TCPConnectWrap.afterConnect [as oncomplete] (node:net:1555:16) {
  name: 'MongoNetworkError'
}]

2024-11-17 05:02:46
[i_see_memories] error:
failed to connect to server [localhost:27017] on first connect [Error: connect ECONNREFUSED ::1:27017
    at TCPConnectWrap.afterConnect [as oncomplete] (node:net:1555:16) {
  name: 'MongoNetworkError'
}]

2024-11-17 05:03:37
[i_see_memories] error:
connect ECONNREFUSED ::1:27017

2024-11-17 05:18:21
[i_see_memories] error:
router.patch is not a function

2024-11-17 14:03:59
[i_see_memories] error:
Cast to ObjectId failed for value "1" (type number) at path "_id" for model "User"

2024-11-17 14:15:10
[i_see_memories] error:
Resource not found

2024-11-17 15:11:49
[i_see_memories] error:
Order validation failed: productId: Cast to ObjectId failed for value "1" (type string) at path "productId" because of "BSONError"

2024-11-17 15:12:09
[i_see_memories] error:
Order validation failed: productId: Path `productId` is required.

2024-11-17 15:36:38
[i_see_memories] error:
Resource not found

2024-11-17 15:48:53
[i_see_memories] error:
Unauthorized Access

2024-11-17 15:50:30
[i_see_memories] error:
Unauthorized Access

2024-11-17 15:51:41
[i_see_memories] error:
Unauthorized Access

2024-11-17 15:52:34
[i_see_memories] error:
Unauthorized Access

2024-11-17 15:53:44
[i_see_memories] error:
Unauthorized Access

2024-11-17 16:47:31
[i_see_memories] error:
Resource not found

2024-11-17 16:50:45
[i_see_memories] error:
user is not defined

2024-11-17 16:51:22
[i_see_memories] error:
user is not defined

2024-11-17 17:05:31
[i_see_memories] error:
Password must be at least 8 characters

2024-11-17 17:05:50
[i_see_memories] error:
Password must be at least 8 characters

2024-11-17 17:05:59
[i_see_memories] error:
E11000 duplicate key error collection: i_see_memories.admins index: email_1 dup key: { email: "admin@gmail.com" }

2024-11-17 17:06:11
[i_see_memories] error:
Invalid Email or Password

2024-11-17 17:20:59
[i_see_memories] error:
Full cover must be a valid URL

2024-11-17 17:23:38
[i_see_memories] error:
User ID is required

2024-11-17 17:28:18
[i_see_memories] error:
User ID is required

2024-11-17 17:30:06
[i_see_memories] error:
User ID is required

2024-11-17 17:38:03
[i_see_memories] error:
Zipcode must be numeric

2024-11-17 18:32:00
[i_see_memories] error:
Resource not found

2024-11-17 18:34:20
[i_see_memories] error:
Unauthorized Access

2024-11-17 18:39:41
[i_see_memories] error:
Unauthorized Access

2024-11-17 18:40:44
[i_see_memories] error:
Unauthorized Access

2024-11-17 18:42:01
[i_see_memories] error:
Unauthorized Access

2024-11-17 18:46:12
[i_see_memories] error:
Unauthorized Access

2024-11-17 19:20:34
[i_see_memories] error:
Resource not found

2024-11-17 19:39:56
[i_see_memories] error:
Unauthorized Access

2024-11-17 19:40:48
[i_see_memories] error:
Unauthorized Access

2024-11-17 19:41:10
[i_see_memories] error:
Unauthorized Access

2024-11-17 19:56:27
[i_see_memories] error:
Zipcode is required

